<?xml version="1.0" encoding="UTF-8"?>
<testsuite name="de.scopevisio.VpTest" tests="6" skipped="0" failures="0" errors="0" timestamp="2025-01-22T14:30:05" hostname="MBP-Zray" time="1.265">
  <properties/>
  <testcase name="addACarTest()" classname="de.scopevisio.VpTest" time="0.975"/>
  <testcase name="updateClientTest()" classname="de.scopevisio.VpTest" time="0.059"/>
  <testcase name="updateClientWithInvalidIdTest()" classname="de.scopevisio.VpTest" time="0.055"/>
  <testcase name="updateACarTest()" classname="de.scopevisio.VpTest" time="0.109"/>
  <testcase name="createClientWithoutNameTest()" classname="de.scopevisio.VpTest" time="0.023"/>
  <testcase name="getClientByInvalidId()" classname="de.scopevisio.VpTest" time="0.026"/>
  <system-out><![CDATA[15:30:01.019 [Test worker] INFO org.springframework.test.context.support.AnnotationConfigContextLoaderUtils -- Could not detect default configuration classes for test class [de.scopevisio.VpTest]: VpTest does not declare any static, non-private, non-final, nested classes annotated with @Configuration.
15:30:01.134 [Test worker] INFO org.springframework.boot.test.context.SpringBootTestContextBootstrapper -- Found @SpringBootConfiguration de.scopevisio.VPApp for test class de.scopevisio.VpTest
15:30:01.656 [Test worker] INFO org.springframework.boot.devtools.restart.RestartApplicationListener -- Restart disabled due to context in which it is running

  .   ____          _            __ _ _
 /\\ / ___'_ __ _ _(_)_ __  __ _ \ \ \ \
( ( )\___ | '_ | '_| | '_ \/ _` | \ \ \ \
 \\/  ___)| |_)| | | | | || (_| |  ) ) ) )
  '  |____| .__|_| |_|_| |_\__, | / / / /
 =========|_|==============|___/=/_/_/_/

 :: Spring Boot ::                (v3.4.0)

2025-01-22T15:30:01.968+01:00  INFO 42174 --- [    Test worker] de.scopevisio.VpTest                     : Starting VpTest using Java 17.0.6 with PID 42174 (started by zraylam in /Users/zraylam/Desktop/Zray_Local/Code/Java/Intellij/vp)
2025-01-22T15:30:01.970+01:00  INFO 42174 --- [    Test worker] de.scopevisio.VpTest                     : No active profile set, falling back to 1 default profile: "default"
2025-01-22T15:30:02.467+01:00  INFO 42174 --- [    Test worker] .s.d.r.c.RepositoryConfigurationDelegate : Bootstrapping Spring Data JPA repositories in DEFAULT mode.
2025-01-22T15:30:02.524+01:00  INFO 42174 --- [    Test worker] .s.d.r.c.RepositoryConfigurationDelegate : Finished Spring Data repository scanning in 49 ms. Found 2 JPA repository interfaces.
2025-01-22T15:30:03.018+01:00  INFO 42174 --- [    Test worker] o.s.b.w.embedded.tomcat.TomcatWebServer  : Tomcat initialized with port 0 (http)
2025-01-22T15:30:03.030+01:00  INFO 42174 --- [    Test worker] o.apache.catalina.core.StandardService   : Starting service [Tomcat]
2025-01-22T15:30:03.030+01:00  INFO 42174 --- [    Test worker] o.apache.catalina.core.StandardEngine    : Starting Servlet engine: [Apache Tomcat/10.1.33]
2025-01-22T15:30:03.085+01:00  INFO 42174 --- [    Test worker] o.a.c.c.C.[Tomcat].[localhost].[/]       : Initializing Spring embedded WebApplicationContext
2025-01-22T15:30:03.085+01:00  INFO 42174 --- [    Test worker] w.s.c.ServletWebServerApplicationContext : Root WebApplicationContext: initialization completed in 1099 ms
2025-01-22T15:30:03.117+01:00  INFO 42174 --- [    Test worker] com.zaxxer.hikari.HikariDataSource       : HikariPool-1 - Starting...
2025-01-22T15:30:03.279+01:00  INFO 42174 --- [    Test worker] com.zaxxer.hikari.pool.HikariPool        : HikariPool-1 - Added connection conn0: url=jdbc:h2:mem:db user=TEST
2025-01-22T15:30:03.281+01:00  INFO 42174 --- [    Test worker] com.zaxxer.hikari.HikariDataSource       : HikariPool-1 - Start completed.
2025-01-22T15:30:03.291+01:00  INFO 42174 --- [    Test worker] o.s.b.a.h2.H2ConsoleAutoConfiguration    : H2 console available at '/testDB'. Database available at 'jdbc:h2:mem:db'
2025-01-22T15:30:03.423+01:00  INFO 42174 --- [    Test worker] o.hibernate.jpa.internal.util.LogHelper  : HHH000204: Processing PersistenceUnitInfo [name: default]
2025-01-22T15:30:03.474+01:00  INFO 42174 --- [    Test worker] org.hibernate.Version                    : HHH000412: Hibernate ORM core version 6.6.2.Final
2025-01-22T15:30:03.504+01:00  INFO 42174 --- [    Test worker] o.h.c.internal.RegionFactoryInitiator    : HHH000026: Second-level cache disabled
2025-01-22T15:30:03.748+01:00  INFO 42174 --- [    Test worker] o.s.o.j.p.SpringPersistenceUnitInfo      : No LoadTimeWeaver setup: ignoring JPA class transformer
2025-01-22T15:30:03.825+01:00  INFO 42174 --- [    Test worker] org.hibernate.orm.connections.pooling    : HHH10001005: Database info:
	Database JDBC URL [Connecting through datasource 'HikariDataSource (HikariPool-1)']
	Database driver: undefined/unknown
	Database version: 2.3.232
	Autocommit mode: undefined/unknown
	Isolation level: undefined/unknown
	Minimum pool size: undefined/unknown
	Maximum pool size: undefined/unknown
2025-01-22T15:30:04.609+01:00  INFO 42174 --- [    Test worker] o.h.e.t.j.p.i.JtaPlatformInitiator       : HHH000489: No JTA platform available (set 'hibernate.transaction.jta.platform' to enable JTA platform integration)
Hibernate: drop table if exists cars cascade 
Hibernate: drop table if exists clients cascade 
Hibernate: create table cars (car_type tinyint check (car_type between 0 and 1), miles_per_year numeric(38,2), region_type tinyint check (region_type between 0 and 4), versicherungspraemie numeric(38,2), client_id bigint, car_id uuid not null, registered_postal_code varchar(255), primary key (car_id))
Hibernate: create table clients (client_id bigint generated by default as identity, city varchar(255), firstname varchar(255), house_number varchar(255), lastname varchar(255), post_code varchar(255), street varchar(255), primary key (client_id))
Hibernate: alter table if exists cars add constraint FKck78ir6o9hir2b8ya5kd8nho0 foreign key (client_id) references clients
2025-01-22T15:30:04.658+01:00  INFO 42174 --- [    Test worker] j.LocalContainerEntityManagerFactoryBean : Initialized JPA EntityManagerFactory for persistence unit 'default'
2025-01-22T15:30:05.203+01:00  WARN 42174 --- [    Test worker] JpaBaseConfiguration$JpaWebConfiguration : spring.jpa.open-in-view is enabled by default. Therefore, database queries may be performed during view rendering. Explicitly configure spring.jpa.open-in-view to disable this warning
2025-01-22T15:30:05.567+01:00  INFO 42174 --- [    Test worker] o.s.b.w.embedded.tomcat.TomcatWebServer  : Tomcat started on port 62047 (http) with context path '/'
2025-01-22T15:30:05.577+01:00  INFO 42174 --- [    Test worker] de.scopevisio.VpTest                     : Started VpTest in 3.932 seconds (process running for 5.438)
2025-01-22T15:30:06.178+01:00  INFO 42174 --- [o-auto-1-exec-1] o.a.c.c.C.[Tomcat].[localhost].[/]       : Initializing Spring DispatcherServlet 'dispatcherServlet'
2025-01-22T15:30:06.178+01:00  INFO 42174 --- [o-auto-1-exec-1] o.s.web.servlet.DispatcherServlet        : Initializing Servlet 'dispatcherServlet'
2025-01-22T15:30:06.179+01:00  INFO 42174 --- [o-auto-1-exec-1] o.s.web.servlet.DispatcherServlet        : Completed initialization in 1 ms
Hibernate: insert into clients (city,firstname,house_number,lastname,post_code,street,client_id) values (?,?,?,?,?,?,default)
Hibernate: select ce1_0.client_id,ce1_0.city,ce1_0.firstname,ce1_0.house_number,ce1_0.lastname,ce1_0.post_code,ce1_0.street from clients ce1_0 where ce1_0.client_id=?
Hibernate: insert into cars (car_type,client_id,miles_per_year,region_type,registered_postal_code,versicherungspraemie,car_id) values (?,?,?,?,?,?,?)
Hibernate: update cars set car_type=?,client_id=?,miles_per_year=?,region_type=?,registered_postal_code=?,versicherungspraemie=? where car_id=?
Hibernate: update cars set car_type=?,client_id=?,miles_per_year=?,region_type=?,registered_postal_code=?,versicherungspraemie=? where car_id=?
Hibernate: select ce1_0.client_id,ce1_0.city,ce1_0.firstname,ce1_0.house_number,ce1_0.lastname,ce1_0.post_code,ce1_0.street from clients ce1_0 where ce1_0.client_id=?
Hibernate: select ce1_0.car_id,ce1_0.car_type,ce1_0.client_id,ce1_0.miles_per_year,ce1_0.region_type,ce1_0.registered_postal_code,ce1_0.versicherungspraemie from cars ce1_0
Hibernate: insert into clients (city,firstname,house_number,lastname,post_code,street,client_id) values (?,?,?,?,?,?,default)
Hibernate: select ce1_0.client_id,ce1_0.city,ce1_0.firstname,ce1_0.house_number,ce1_0.lastname,ce1_0.post_code,ce1_0.street from clients ce1_0 where ce1_0.client_id=?
Hibernate: select ce1_0.car_id,ce1_0.car_type,ce1_0.client_id,ce1_0.miles_per_year,ce1_0.region_type,ce1_0.registered_postal_code,ce1_0.versicherungspraemie from cars ce1_0
Hibernate: select ce1_0.car_id,ce1_0.car_type,ce2_0.client_id,ce2_0.city,ce2_0.firstname,ce2_0.house_number,ce2_0.lastname,ce2_0.post_code,ce2_0.street,ce1_0.miles_per_year,ce1_0.region_type,ce1_0.registered_postal_code,ce1_0.versicherungspraemie from cars ce1_0 left join clients ce2_0 on ce2_0.client_id=ce1_0.client_id where ce1_0.car_id=?
Hibernate: update clients set city=?,firstname=?,house_number=?,lastname=?,post_code=?,street=? where client_id=?
Hibernate: select ce1_0.car_id,ce1_0.car_type,ce1_0.client_id,ce1_0.miles_per_year,ce1_0.region_type,ce1_0.registered_postal_code,ce1_0.versicherungspraemie from cars ce1_0
Hibernate: select ce1_0.client_id,ce1_0.city,ce1_0.firstname,ce1_0.house_number,ce1_0.lastname,ce1_0.post_code,ce1_0.street from clients ce1_0 where ce1_0.client_id=?
Hibernate: select ce1_0.car_id,ce1_0.car_type,ce1_0.client_id,ce1_0.miles_per_year,ce1_0.region_type,ce1_0.registered_postal_code,ce1_0.versicherungspraemie from cars ce1_0
Hibernate: insert into clients (city,firstname,house_number,lastname,post_code,street,client_id) values (?,?,?,?,?,?,default)
Hibernate: select ce1_0.client_id,ce1_0.city,ce1_0.firstname,ce1_0.house_number,ce1_0.lastname,ce1_0.post_code,ce1_0.street from clients ce1_0 where ce1_0.client_id=?
2025-01-22T15:30:06.657+01:00 ERROR 42174 --- [o-auto-1-exec-9] o.a.c.c.C.[.[.[/].[dispatcherServlet]    : Servlet.service() for servlet [dispatcherServlet] in context with path [] threw exception [Request processing failed: de.scopevisio.data.store.exception.NotFoundException: Client not found] with root cause

de.scopevisio.data.store.exception.NotFoundException: Client not found
	at de.scopevisio.data.store.ClientStore.lambda$updateClient$1(ClientStore.java:60) ~[main/:na]
	at java.base/java.util.Optional.orElseThrow(Optional.java:403) ~[na:na]
	at de.scopevisio.data.store.ClientStore.updateClient(ClientStore.java:60) ~[main/:na]
	at de.scopevisio.service.ClientService.updateClient(ClientService.java:73) ~[main/:na]
	at de.scopevisio.controller.ClientController.updateClient(ClientController.java:68) ~[main/:na]
	at java.base/jdk.internal.reflect.NativeMethodAccessorImpl.invoke0(Native Method) ~[na:na]
	at java.base/jdk.internal.reflect.NativeMethodAccessorImpl.invoke(NativeMethodAccessorImpl.java:77) ~[na:na]
	at java.base/jdk.internal.reflect.DelegatingMethodAccessorImpl.invoke(DelegatingMethodAccessorImpl.java:43) ~[na:na]
	at java.base/java.lang.reflect.Method.invoke(Method.java:568) ~[na:na]
	at org.springframework.web.method.support.InvocableHandlerMethod.doInvoke(InvocableHandlerMethod.java:255) ~[spring-web-6.2.0.jar:6.2.0]
	at org.springframework.web.method.support.InvocableHandlerMethod.invokeForRequest(InvocableHandlerMethod.java:188) ~[spring-web-6.2.0.jar:6.2.0]
	at org.springframework.web.servlet.mvc.method.annotation.ServletInvocableHandlerMethod.invokeAndHandle(ServletInvocableHandlerMethod.java:118) ~[spring-webmvc-6.2.0.jar:6.2.0]
	at org.springframework.web.servlet.mvc.method.annotation.RequestMappingHandlerAdapter.invokeHandlerMethod(RequestMappingHandlerAdapter.java:986) ~[spring-webmvc-6.2.0.jar:6.2.0]
	at org.springframework.web.servlet.mvc.method.annotation.RequestMappingHandlerAdapter.handleInternal(RequestMappingHandlerAdapter.java:891) ~[spring-webmvc-6.2.0.jar:6.2.0]
	at org.springframework.web.servlet.mvc.method.AbstractHandlerMethodAdapter.handle(AbstractHandlerMethodAdapter.java:87) ~[spring-webmvc-6.2.0.jar:6.2.0]
	at org.springframework.web.servlet.DispatcherServlet.doDispatch(DispatcherServlet.java:1088) ~[spring-webmvc-6.2.0.jar:6.2.0]
	at org.springframework.web.servlet.DispatcherServlet.doService(DispatcherServlet.java:978) ~[spring-webmvc-6.2.0.jar:6.2.0]
	at org.springframework.web.servlet.FrameworkServlet.processRequest(FrameworkServlet.java:1014) ~[spring-webmvc-6.2.0.jar:6.2.0]
	at org.springframework.web.servlet.FrameworkServlet.doPut(FrameworkServlet.java:925) ~[spring-webmvc-6.2.0.jar:6.2.0]
	at jakarta.servlet.http.HttpServlet.service(HttpServlet.java:593) ~[tomcat-embed-core-10.1.33.jar:6.0]
	at org.springframework.web.servlet.FrameworkServlet.service(FrameworkServlet.java:885) ~[spring-webmvc-6.2.0.jar:6.2.0]
	at jakarta.servlet.http.HttpServlet.service(HttpServlet.java:658) ~[tomcat-embed-core-10.1.33.jar:6.0]
	at org.apache.catalina.core.ApplicationFilterChain.internalDoFilter(ApplicationFilterChain.java:195) ~[tomcat-embed-core-10.1.33.jar:10.1.33]
	at org.apache.catalina.core.ApplicationFilterChain.doFilter(ApplicationFilterChain.java:140) ~[tomcat-embed-core-10.1.33.jar:10.1.33]
	at org.apache.tomcat.websocket.server.WsFilter.doFilter(WsFilter.java:51) ~[tomcat-embed-websocket-10.1.33.jar:10.1.33]
	at org.apache.catalina.core.ApplicationFilterChain.internalDoFilter(ApplicationFilterChain.java:164) ~[tomcat-embed-core-10.1.33.jar:10.1.33]
	at org.apache.catalina.core.ApplicationFilterChain.doFilter(ApplicationFilterChain.java:140) ~[tomcat-embed-core-10.1.33.jar:10.1.33]
	at org.springframework.web.filter.RequestContextFilter.doFilterInternal(RequestContextFilter.java:100) ~[spring-web-6.2.0.jar:6.2.0]
	at org.springframework.web.filter.OncePerRequestFilter.doFilter(OncePerRequestFilter.java:116) ~[spring-web-6.2.0.jar:6.2.0]
	at org.apache.catalina.core.ApplicationFilterChain.internalDoFilter(ApplicationFilterChain.java:164) ~[tomcat-embed-core-10.1.33.jar:10.1.33]
	at org.apache.catalina.core.ApplicationFilterChain.doFilter(ApplicationFilterChain.java:140) ~[tomcat-embed-core-10.1.33.jar:10.1.33]
	at org.springframework.web.filter.FormContentFilter.doFilterInternal(FormContentFilter.java:93) ~[spring-web-6.2.0.jar:6.2.0]
	at org.springframework.web.filter.OncePerRequestFilter.doFilter(OncePerRequestFilter.java:116) ~[spring-web-6.2.0.jar:6.2.0]
	at org.apache.catalina.core.ApplicationFilterChain.internalDoFilter(ApplicationFilterChain.java:164) ~[tomcat-embed-core-10.1.33.jar:10.1.33]
	at org.apache.catalina.core.ApplicationFilterChain.doFilter(ApplicationFilterChain.java:140) ~[tomcat-embed-core-10.1.33.jar:10.1.33]
	at org.springframework.web.filter.CharacterEncodingFilter.doFilterInternal(CharacterEncodingFilter.java:201) ~[spring-web-6.2.0.jar:6.2.0]
	at org.springframework.web.filter.OncePerRequestFilter.doFilter(OncePerRequestFilter.java:116) ~[spring-web-6.2.0.jar:6.2.0]
	at org.apache.catalina.core.ApplicationFilterChain.internalDoFilter(ApplicationFilterChain.java:164) ~[tomcat-embed-core-10.1.33.jar:10.1.33]
	at org.apache.catalina.core.ApplicationFilterChain.doFilter(ApplicationFilterChain.java:140) ~[tomcat-embed-core-10.1.33.jar:10.1.33]
	at org.apache.catalina.core.StandardWrapperValve.invoke(StandardWrapperValve.java:167) ~[tomcat-embed-core-10.1.33.jar:10.1.33]
	at org.apache.catalina.core.StandardContextValve.invoke(StandardContextValve.java:90) ~[tomcat-embed-core-10.1.33.jar:10.1.33]
	at org.apache.catalina.authenticator.AuthenticatorBase.invoke(AuthenticatorBase.java:483) ~[tomcat-embed-core-10.1.33.jar:10.1.33]
	at org.apache.catalina.core.StandardHostValve.invoke(StandardHostValve.java:115) ~[tomcat-embed-core-10.1.33.jar:10.1.33]
	at org.apache.catalina.valves.ErrorReportValve.invoke(ErrorReportValve.java:93) ~[tomcat-embed-core-10.1.33.jar:10.1.33]
	at org.apache.catalina.core.StandardEngineValve.invoke(StandardEngineValve.java:74) ~[tomcat-embed-core-10.1.33.jar:10.1.33]
	at org.apache.catalina.connector.CoyoteAdapter.service(CoyoteAdapter.java:344) ~[tomcat-embed-core-10.1.33.jar:10.1.33]
	at org.apache.coyote.http11.Http11Processor.service(Http11Processor.java:397) ~[tomcat-embed-core-10.1.33.jar:10.1.33]
	at org.apache.coyote.AbstractProcessorLight.process(AbstractProcessorLight.java:63) ~[tomcat-embed-core-10.1.33.jar:10.1.33]
	at org.apache.coyote.AbstractProtocol$ConnectionHandler.process(AbstractProtocol.java:905) ~[tomcat-embed-core-10.1.33.jar:10.1.33]
	at org.apache.tomcat.util.net.NioEndpoint$SocketProcessor.doRun(NioEndpoint.java:1741) ~[tomcat-embed-core-10.1.33.jar:10.1.33]
	at org.apache.tomcat.util.net.SocketProcessorBase.run(SocketProcessorBase.java:52) ~[tomcat-embed-core-10.1.33.jar:10.1.33]
	at org.apache.tomcat.util.threads.ThreadPoolExecutor.runWorker(ThreadPoolExecutor.java:1190) ~[tomcat-embed-core-10.1.33.jar:10.1.33]
	at org.apache.tomcat.util.threads.ThreadPoolExecutor$Worker.run(ThreadPoolExecutor.java:659) ~[tomcat-embed-core-10.1.33.jar:10.1.33]
	at org.apache.tomcat.util.threads.TaskThread$WrappingRunnable.run(TaskThread.java:63) ~[tomcat-embed-core-10.1.33.jar:10.1.33]
	at java.base/java.lang.Thread.run(Thread.java:833) ~[na:na]

Hibernate: insert into clients (city,firstname,house_number,lastname,post_code,street,client_id) values (?,?,?,?,?,?,default)
Hibernate: select ce1_0.client_id,ce1_0.city,ce1_0.firstname,ce1_0.house_number,ce1_0.lastname,ce1_0.post_code,ce1_0.street from clients ce1_0 where ce1_0.client_id=?
Hibernate: update clients set city=?,firstname=?,house_number=?,lastname=?,post_code=?,street=? where client_id=?
Hibernate: select ce1_0.client_id,ce1_0.city,ce1_0.firstname,ce1_0.house_number,ce1_0.lastname,ce1_0.post_code,ce1_0.street from clients ce1_0 where ce1_0.client_id=?
Hibernate: insert into cars (car_type,client_id,miles_per_year,region_type,registered_postal_code,versicherungspraemie,car_id) values (?,?,?,?,?,?,?)
Hibernate: update cars set car_type=?,client_id=?,miles_per_year=?,region_type=?,registered_postal_code=?,versicherungspraemie=? where car_id=?
Hibernate: update cars set car_type=?,client_id=?,miles_per_year=?,region_type=?,registered_postal_code=?,versicherungspraemie=? where car_id=?
Hibernate: select ce1_0.car_id,ce1_0.car_type,ce2_0.client_id,ce2_0.city,ce2_0.firstname,ce2_0.house_number,ce2_0.lastname,ce2_0.post_code,ce2_0.street,ce1_0.miles_per_year,ce1_0.region_type,ce1_0.registered_postal_code,ce1_0.versicherungspraemie from cars ce1_0 left join clients ce2_0 on ce2_0.client_id=ce1_0.client_id where ce1_0.car_id=?
Hibernate: update cars set car_type=?,client_id=?,miles_per_year=?,region_type=?,registered_postal_code=?,versicherungspraemie=? where car_id=?
Hibernate: update cars set car_type=?,client_id=?,miles_per_year=?,region_type=?,registered_postal_code=?,versicherungspraemie=? where car_id=?
Hibernate: select ce1_0.client_id,ce1_0.city,ce1_0.firstname,ce1_0.house_number,ce1_0.lastname,ce1_0.post_code,ce1_0.street from clients ce1_0 where ce1_0.client_id=?
Hibernate: select ce1_0.car_id,ce1_0.car_type,ce1_0.client_id,ce1_0.miles_per_year,ce1_0.region_type,ce1_0.registered_postal_code,ce1_0.versicherungspraemie from cars ce1_0
Hibernate: select ce1_0.client_id,ce1_0.city,ce1_0.firstname,ce1_0.house_number,ce1_0.lastname,ce1_0.post_code,ce1_0.street from clients ce1_0 where ce1_0.client_id=?
Hibernate: select ce1_0.car_id,ce1_0.car_type,ce2_0.client_id,ce2_0.city,ce2_0.firstname,ce2_0.house_number,ce2_0.lastname,ce2_0.post_code,ce2_0.street,ce1_0.miles_per_year,ce1_0.region_type,ce1_0.registered_postal_code,ce1_0.versicherungspraemie from cars ce1_0 left join clients ce2_0 on ce2_0.client_id=ce1_0.client_id where ce1_0.car_id=?
Hibernate: update cars set car_type=?,client_id=?,miles_per_year=?,region_type=?,registered_postal_code=?,versicherungspraemie=? where car_id=?
Hibernate: update cars set car_type=?,client_id=?,miles_per_year=?,region_type=?,registered_postal_code=?,versicherungspraemie=? where car_id=?
Hibernate: select ce1_0.client_id,ce1_0.city,ce1_0.firstname,ce1_0.house_number,ce1_0.lastname,ce1_0.post_code,ce1_0.street from clients ce1_0 where ce1_0.client_id=?
Hibernate: select ce1_0.car_id,ce1_0.car_type,ce1_0.client_id,ce1_0.miles_per_year,ce1_0.region_type,ce1_0.registered_postal_code,ce1_0.versicherungspraemie from cars ce1_0
Hibernate: select ce1_0.client_id,ce1_0.city,ce1_0.firstname,ce1_0.house_number,ce1_0.lastname,ce1_0.post_code,ce1_0.street from clients ce1_0 where ce1_0.client_id=?
Hibernate: select ce1_0.car_id,ce1_0.car_type,ce2_0.client_id,ce2_0.city,ce2_0.firstname,ce2_0.house_number,ce2_0.lastname,ce2_0.post_code,ce2_0.street,ce1_0.miles_per_year,ce1_0.region_type,ce1_0.registered_postal_code,ce1_0.versicherungspraemie from cars ce1_0 left join clients ce2_0 on ce2_0.client_id=ce1_0.client_id where ce1_0.car_id=?
Hibernate: update cars set car_type=?,client_id=?,miles_per_year=?,region_type=?,registered_postal_code=?,versicherungspraemie=? where car_id=?
Hibernate: update cars set car_type=?,client_id=?,miles_per_year=?,region_type=?,registered_postal_code=?,versicherungspraemie=? where car_id=?
Hibernate: select ce1_0.client_id,ce1_0.city,ce1_0.firstname,ce1_0.house_number,ce1_0.lastname,ce1_0.post_code,ce1_0.street from clients ce1_0 where ce1_0.client_id=?
Hibernate: select ce1_0.car_id,ce1_0.car_type,ce1_0.client_id,ce1_0.miles_per_year,ce1_0.region_type,ce1_0.registered_postal_code,ce1_0.versicherungspraemie from cars ce1_0
Hibernate: select ce1_0.client_id,ce1_0.city,ce1_0.firstname,ce1_0.house_number,ce1_0.lastname,ce1_0.post_code,ce1_0.street from clients ce1_0 where ce1_0.client_id=?
2025-01-22T15:30:06.786+01:00 ERROR 42174 --- [o-auto-1-exec-9] o.a.c.c.C.[.[.[/].[dispatcherServlet]    : Servlet.service() for servlet [dispatcherServlet] in context with path [] threw exception [Request processing failed: de.scopevisio.data.store.exception.NotFoundException: Something went wrong] with root cause

de.scopevisio.data.store.exception.NotFoundException: Something went wrong
	at de.scopevisio.data.model.factories.KilometerleistungFaktorFactory.lambda$setFaktor$1(KilometerleistungFaktorFactory.java:35) ~[main/:na]
	at java.base/java.util.Optional.orElseThrow(Optional.java:403) ~[na:na]
	at de.scopevisio.data.model.factories.KilometerleistungFaktorFactory.setFaktor(KilometerleistungFaktorFactory.java:34) ~[main/:na]
	at de.scopevisio.service.VersicherungspraemieBerechnenService.berechneKilometerleistungFaktor(VersicherungspraemieBerechnenService.java:45) ~[main/:na]
	at de.scopevisio.service.VersicherungspraemieBerechnenService.berechneVersicherungspraemie(VersicherungspraemieBerechnenService.java:26) ~[main/:na]
	at de.scopevisio.controller.CarController.updateCar(CarController.java:51) ~[main/:na]
	at java.base/jdk.internal.reflect.NativeMethodAccessorImpl.invoke0(Native Method) ~[na:na]
	at java.base/jdk.internal.reflect.NativeMethodAccessorImpl.invoke(NativeMethodAccessorImpl.java:77) ~[na:na]
	at java.base/jdk.internal.reflect.DelegatingMethodAccessorImpl.invoke(DelegatingMethodAccessorImpl.java:43) ~[na:na]
	at java.base/java.lang.reflect.Method.invoke(Method.java:568) ~[na:na]
	at org.springframework.web.method.support.InvocableHandlerMethod.doInvoke(InvocableHandlerMethod.java:255) ~[spring-web-6.2.0.jar:6.2.0]
	at org.springframework.web.method.support.InvocableHandlerMethod.invokeForRequest(InvocableHandlerMethod.java:188) ~[spring-web-6.2.0.jar:6.2.0]
	at org.springframework.web.servlet.mvc.method.annotation.ServletInvocableHandlerMethod.invokeAndHandle(ServletInvocableHandlerMethod.java:118) ~[spring-webmvc-6.2.0.jar:6.2.0]
	at org.springframework.web.servlet.mvc.method.annotation.RequestMappingHandlerAdapter.invokeHandlerMethod(RequestMappingHandlerAdapter.java:986) ~[spring-webmvc-6.2.0.jar:6.2.0]
	at org.springframework.web.servlet.mvc.method.annotation.RequestMappingHandlerAdapter.handleInternal(RequestMappingHandlerAdapter.java:891) ~[spring-webmvc-6.2.0.jar:6.2.0]
	at org.springframework.web.servlet.mvc.method.AbstractHandlerMethodAdapter.handle(AbstractHandlerMethodAdapter.java:87) ~[spring-webmvc-6.2.0.jar:6.2.0]
	at org.springframework.web.servlet.DispatcherServlet.doDispatch(DispatcherServlet.java:1088) ~[spring-webmvc-6.2.0.jar:6.2.0]
	at org.springframework.web.servlet.DispatcherServlet.doService(DispatcherServlet.java:978) ~[spring-webmvc-6.2.0.jar:6.2.0]
	at org.springframework.web.servlet.FrameworkServlet.processRequest(FrameworkServlet.java:1014) ~[spring-webmvc-6.2.0.jar:6.2.0]
	at org.springframework.web.servlet.FrameworkServlet.doPut(FrameworkServlet.java:925) ~[spring-webmvc-6.2.0.jar:6.2.0]
	at jakarta.servlet.http.HttpServlet.service(HttpServlet.java:593) ~[tomcat-embed-core-10.1.33.jar:6.0]
	at org.springframework.web.servlet.FrameworkServlet.service(FrameworkServlet.java:885) ~[spring-webmvc-6.2.0.jar:6.2.0]
	at jakarta.servlet.http.HttpServlet.service(HttpServlet.java:658) ~[tomcat-embed-core-10.1.33.jar:6.0]
	at org.apache.catalina.core.ApplicationFilterChain.internalDoFilter(ApplicationFilterChain.java:195) ~[tomcat-embed-core-10.1.33.jar:10.1.33]
	at org.apache.catalina.core.ApplicationFilterChain.doFilter(ApplicationFilterChain.java:140) ~[tomcat-embed-core-10.1.33.jar:10.1.33]
	at org.apache.tomcat.websocket.server.WsFilter.doFilter(WsFilter.java:51) ~[tomcat-embed-websocket-10.1.33.jar:10.1.33]
	at org.apache.catalina.core.ApplicationFilterChain.internalDoFilter(ApplicationFilterChain.java:164) ~[tomcat-embed-core-10.1.33.jar:10.1.33]
	at org.apache.catalina.core.ApplicationFilterChain.doFilter(ApplicationFilterChain.java:140) ~[tomcat-embed-core-10.1.33.jar:10.1.33]
	at org.springframework.web.filter.RequestContextFilter.doFilterInternal(RequestContextFilter.java:100) ~[spring-web-6.2.0.jar:6.2.0]
	at org.springframework.web.filter.OncePerRequestFilter.doFilter(OncePerRequestFilter.java:116) ~[spring-web-6.2.0.jar:6.2.0]
	at org.apache.catalina.core.ApplicationFilterChain.internalDoFilter(ApplicationFilterChain.java:164) ~[tomcat-embed-core-10.1.33.jar:10.1.33]
	at org.apache.catalina.core.ApplicationFilterChain.doFilter(ApplicationFilterChain.java:140) ~[tomcat-embed-core-10.1.33.jar:10.1.33]
	at org.springframework.web.filter.FormContentFilter.doFilterInternal(FormContentFilter.java:93) ~[spring-web-6.2.0.jar:6.2.0]
	at org.springframework.web.filter.OncePerRequestFilter.doFilter(OncePerRequestFilter.java:116) ~[spring-web-6.2.0.jar:6.2.0]
	at org.apache.catalina.core.ApplicationFilterChain.internalDoFilter(ApplicationFilterChain.java:164) ~[tomcat-embed-core-10.1.33.jar:10.1.33]
	at org.apache.catalina.core.ApplicationFilterChain.doFilter(ApplicationFilterChain.java:140) ~[tomcat-embed-core-10.1.33.jar:10.1.33]
	at org.springframework.web.filter.CharacterEncodingFilter.doFilterInternal(CharacterEncodingFilter.java:201) ~[spring-web-6.2.0.jar:6.2.0]
	at org.springframework.web.filter.OncePerRequestFilter.doFilter(OncePerRequestFilter.java:116) ~[spring-web-6.2.0.jar:6.2.0]
	at org.apache.catalina.core.ApplicationFilterChain.internalDoFilter(ApplicationFilterChain.java:164) ~[tomcat-embed-core-10.1.33.jar:10.1.33]
	at org.apache.catalina.core.ApplicationFilterChain.doFilter(ApplicationFilterChain.java:140) ~[tomcat-embed-core-10.1.33.jar:10.1.33]
	at org.apache.catalina.core.StandardWrapperValve.invoke(StandardWrapperValve.java:167) ~[tomcat-embed-core-10.1.33.jar:10.1.33]
	at org.apache.catalina.core.StandardContextValve.invoke(StandardContextValve.java:90) ~[tomcat-embed-core-10.1.33.jar:10.1.33]
	at org.apache.catalina.authenticator.AuthenticatorBase.invoke(AuthenticatorBase.java:483) ~[tomcat-embed-core-10.1.33.jar:10.1.33]
	at org.apache.catalina.core.StandardHostValve.invoke(StandardHostValve.java:115) ~[tomcat-embed-core-10.1.33.jar:10.1.33]
	at org.apache.catalina.valves.ErrorReportValve.invoke(ErrorReportValve.java:93) ~[tomcat-embed-core-10.1.33.jar:10.1.33]
	at org.apache.catalina.core.StandardEngineValve.invoke(StandardEngineValve.java:74) ~[tomcat-embed-core-10.1.33.jar:10.1.33]
	at org.apache.catalina.connector.CoyoteAdapter.service(CoyoteAdapter.java:344) ~[tomcat-embed-core-10.1.33.jar:10.1.33]
	at org.apache.coyote.http11.Http11Processor.service(Http11Processor.java:397) ~[tomcat-embed-core-10.1.33.jar:10.1.33]
	at org.apache.coyote.AbstractProcessorLight.process(AbstractProcessorLight.java:63) ~[tomcat-embed-core-10.1.33.jar:10.1.33]
	at org.apache.coyote.AbstractProtocol$ConnectionHandler.process(AbstractProtocol.java:905) ~[tomcat-embed-core-10.1.33.jar:10.1.33]
	at org.apache.tomcat.util.net.NioEndpoint$SocketProcessor.doRun(NioEndpoint.java:1741) ~[tomcat-embed-core-10.1.33.jar:10.1.33]
	at org.apache.tomcat.util.net.SocketProcessorBase.run(SocketProcessorBase.java:52) ~[tomcat-embed-core-10.1.33.jar:10.1.33]
	at org.apache.tomcat.util.threads.ThreadPoolExecutor.runWorker(ThreadPoolExecutor.java:1190) ~[tomcat-embed-core-10.1.33.jar:10.1.33]
	at org.apache.tomcat.util.threads.ThreadPoolExecutor$Worker.run(ThreadPoolExecutor.java:659) ~[tomcat-embed-core-10.1.33.jar:10.1.33]
	at org.apache.tomcat.util.threads.TaskThread$WrappingRunnable.run(TaskThread.java:63) ~[tomcat-embed-core-10.1.33.jar:10.1.33]
	at java.base/java.lang.Thread.run(Thread.java:833) ~[na:na]

Hibernate: insert into clients (city,firstname,house_number,lastname,post_code,street,client_id) values (?,?,?,?,?,?,default)
Hibernate: insert into clients (city,firstname,house_number,lastname,post_code,street,client_id) values (?,?,?,?,?,?,default)
Hibernate: select ce1_0.client_id,ce1_0.city,ce1_0.firstname,ce1_0.house_number,ce1_0.lastname,ce1_0.post_code,ce1_0.street from clients ce1_0 where ce1_0.client_id=?
2025-01-22T15:30:06.843+01:00 ERROR 42174 --- [o-auto-1-exec-3] o.a.c.c.C.[.[.[/].[dispatcherServlet]    : Servlet.service() for servlet [dispatcherServlet] in context with path [] threw exception [Request processing failed: de.scopevisio.data.store.exception.NotFoundException: Client not found] with root cause

de.scopevisio.data.store.exception.NotFoundException: Client not found
	at de.scopevisio.data.store.ClientStore.lambda$getClient$0(ClientStore.java:39) ~[main/:na]
	at java.base/java.util.Optional.orElseThrow(Optional.java:403) ~[na:na]
	at de.scopevisio.data.store.ClientStore.getClient(ClientStore.java:39) ~[main/:na]
	at de.scopevisio.service.ClientService.getClient(ClientService.java:50) ~[main/:na]
	at de.scopevisio.controller.ClientController.getClientById(ClientController.java:46) ~[main/:na]
	at java.base/jdk.internal.reflect.NativeMethodAccessorImpl.invoke0(Native Method) ~[na:na]
	at java.base/jdk.internal.reflect.NativeMethodAccessorImpl.invoke(NativeMethodAccessorImpl.java:77) ~[na:na]
	at java.base/jdk.internal.reflect.DelegatingMethodAccessorImpl.invoke(DelegatingMethodAccessorImpl.java:43) ~[na:na]
	at java.base/java.lang.reflect.Method.invoke(Method.java:568) ~[na:na]
	at org.springframework.web.method.support.InvocableHandlerMethod.doInvoke(InvocableHandlerMethod.java:255) ~[spring-web-6.2.0.jar:6.2.0]
	at org.springframework.web.method.support.InvocableHandlerMethod.invokeForRequest(InvocableHandlerMethod.java:188) ~[spring-web-6.2.0.jar:6.2.0]
	at org.springframework.web.servlet.mvc.method.annotation.ServletInvocableHandlerMethod.invokeAndHandle(ServletInvocableHandlerMethod.java:118) ~[spring-webmvc-6.2.0.jar:6.2.0]
	at org.springframework.web.servlet.mvc.method.annotation.RequestMappingHandlerAdapter.invokeHandlerMethod(RequestMappingHandlerAdapter.java:986) ~[spring-webmvc-6.2.0.jar:6.2.0]
	at org.springframework.web.servlet.mvc.method.annotation.RequestMappingHandlerAdapter.handleInternal(RequestMappingHandlerAdapter.java:891) ~[spring-webmvc-6.2.0.jar:6.2.0]
	at org.springframework.web.servlet.mvc.method.AbstractHandlerMethodAdapter.handle(AbstractHandlerMethodAdapter.java:87) ~[spring-webmvc-6.2.0.jar:6.2.0]
	at org.springframework.web.servlet.DispatcherServlet.doDispatch(DispatcherServlet.java:1088) ~[spring-webmvc-6.2.0.jar:6.2.0]
	at org.springframework.web.servlet.DispatcherServlet.doService(DispatcherServlet.java:978) ~[spring-webmvc-6.2.0.jar:6.2.0]
	at org.springframework.web.servlet.FrameworkServlet.processRequest(FrameworkServlet.java:1014) ~[spring-webmvc-6.2.0.jar:6.2.0]
	at org.springframework.web.servlet.FrameworkServlet.doGet(FrameworkServlet.java:903) ~[spring-webmvc-6.2.0.jar:6.2.0]
	at jakarta.servlet.http.HttpServlet.service(HttpServlet.java:564) ~[tomcat-embed-core-10.1.33.jar:6.0]
	at org.springframework.web.servlet.FrameworkServlet.service(FrameworkServlet.java:885) ~[spring-webmvc-6.2.0.jar:6.2.0]
	at jakarta.servlet.http.HttpServlet.service(HttpServlet.java:658) ~[tomcat-embed-core-10.1.33.jar:6.0]
	at org.apache.catalina.core.ApplicationFilterChain.internalDoFilter(ApplicationFilterChain.java:195) ~[tomcat-embed-core-10.1.33.jar:10.1.33]
	at org.apache.catalina.core.ApplicationFilterChain.doFilter(ApplicationFilterChain.java:140) ~[tomcat-embed-core-10.1.33.jar:10.1.33]
	at org.apache.tomcat.websocket.server.WsFilter.doFilter(WsFilter.java:51) ~[tomcat-embed-websocket-10.1.33.jar:10.1.33]
	at org.apache.catalina.core.ApplicationFilterChain.internalDoFilter(ApplicationFilterChain.java:164) ~[tomcat-embed-core-10.1.33.jar:10.1.33]
	at org.apache.catalina.core.ApplicationFilterChain.doFilter(ApplicationFilterChain.java:140) ~[tomcat-embed-core-10.1.33.jar:10.1.33]
	at org.springframework.web.filter.RequestContextFilter.doFilterInternal(RequestContextFilter.java:100) ~[spring-web-6.2.0.jar:6.2.0]
	at org.springframework.web.filter.OncePerRequestFilter.doFilter(OncePerRequestFilter.java:116) ~[spring-web-6.2.0.jar:6.2.0]
	at org.apache.catalina.core.ApplicationFilterChain.internalDoFilter(ApplicationFilterChain.java:164) ~[tomcat-embed-core-10.1.33.jar:10.1.33]
	at org.apache.catalina.core.ApplicationFilterChain.doFilter(ApplicationFilterChain.java:140) ~[tomcat-embed-core-10.1.33.jar:10.1.33]
	at org.springframework.web.filter.FormContentFilter.doFilterInternal(FormContentFilter.java:93) ~[spring-web-6.2.0.jar:6.2.0]
	at org.springframework.web.filter.OncePerRequestFilter.doFilter(OncePerRequestFilter.java:116) ~[spring-web-6.2.0.jar:6.2.0]
	at org.apache.catalina.core.ApplicationFilterChain.internalDoFilter(ApplicationFilterChain.java:164) ~[tomcat-embed-core-10.1.33.jar:10.1.33]
	at org.apache.catalina.core.ApplicationFilterChain.doFilter(ApplicationFilterChain.java:140) ~[tomcat-embed-core-10.1.33.jar:10.1.33]
	at org.springframework.web.filter.CharacterEncodingFilter.doFilterInternal(CharacterEncodingFilter.java:201) ~[spring-web-6.2.0.jar:6.2.0]
	at org.springframework.web.filter.OncePerRequestFilter.doFilter(OncePerRequestFilter.java:116) ~[spring-web-6.2.0.jar:6.2.0]
	at org.apache.catalina.core.ApplicationFilterChain.internalDoFilter(ApplicationFilterChain.java:164) ~[tomcat-embed-core-10.1.33.jar:10.1.33]
	at org.apache.catalina.core.ApplicationFilterChain.doFilter(ApplicationFilterChain.java:140) ~[tomcat-embed-core-10.1.33.jar:10.1.33]
	at org.apache.catalina.core.StandardWrapperValve.invoke(StandardWrapperValve.java:167) ~[tomcat-embed-core-10.1.33.jar:10.1.33]
	at org.apache.catalina.core.StandardContextValve.invoke(StandardContextValve.java:90) ~[tomcat-embed-core-10.1.33.jar:10.1.33]
	at org.apache.catalina.authenticator.AuthenticatorBase.invoke(AuthenticatorBase.java:483) ~[tomcat-embed-core-10.1.33.jar:10.1.33]
	at org.apache.catalina.core.StandardHostValve.invoke(StandardHostValve.java:115) ~[tomcat-embed-core-10.1.33.jar:10.1.33]
	at org.apache.catalina.valves.ErrorReportValve.invoke(ErrorReportValve.java:93) ~[tomcat-embed-core-10.1.33.jar:10.1.33]
	at org.apache.catalina.core.StandardEngineValve.invoke(StandardEngineValve.java:74) ~[tomcat-embed-core-10.1.33.jar:10.1.33]
	at org.apache.catalina.connector.CoyoteAdapter.service(CoyoteAdapter.java:344) ~[tomcat-embed-core-10.1.33.jar:10.1.33]
	at org.apache.coyote.http11.Http11Processor.service(Http11Processor.java:397) ~[tomcat-embed-core-10.1.33.jar:10.1.33]
	at org.apache.coyote.AbstractProcessorLight.process(AbstractProcessorLight.java:63) ~[tomcat-embed-core-10.1.33.jar:10.1.33]
	at org.apache.coyote.AbstractProtocol$ConnectionHandler.process(AbstractProtocol.java:905) ~[tomcat-embed-core-10.1.33.jar:10.1.33]
	at org.apache.tomcat.util.net.NioEndpoint$SocketProcessor.doRun(NioEndpoint.java:1741) ~[tomcat-embed-core-10.1.33.jar:10.1.33]
	at org.apache.tomcat.util.net.SocketProcessorBase.run(SocketProcessorBase.java:52) ~[tomcat-embed-core-10.1.33.jar:10.1.33]
	at org.apache.tomcat.util.threads.ThreadPoolExecutor.runWorker(ThreadPoolExecutor.java:1190) ~[tomcat-embed-core-10.1.33.jar:10.1.33]
	at org.apache.tomcat.util.threads.ThreadPoolExecutor$Worker.run(ThreadPoolExecutor.java:659) ~[tomcat-embed-core-10.1.33.jar:10.1.33]
	at org.apache.tomcat.util.threads.TaskThread$WrappingRunnable.run(TaskThread.java:63) ~[tomcat-embed-core-10.1.33.jar:10.1.33]
	at java.base/java.lang.Thread.run(Thread.java:833) ~[na:na]

]]></system-out>
  <system-err><![CDATA[]]></system-err>
</testsuite>
